[debug] [2021-07-12T19:56:19.364Z] ----------------------------------------------------------------------
[debug] [2021-07-12T19:56:19.368Z] Command:       /usr/local/bin/node /usr/local/bin/firebase emulators:start --only functions
[debug] [2021-07-12T19:56:19.368Z] CLI Version:   9.16.0
[debug] [2021-07-12T19:56:19.369Z] Platform:      darwin
[debug] [2021-07-12T19:56:19.369Z] Node Version:  v14.15.1
[debug] [2021-07-12T19:56:19.384Z] Time:          Mon Jul 12 2021 20:56:19 GMT+0100 (West Africa Standard Time)
[debug] [2021-07-12T19:56:19.384Z] ----------------------------------------------------------------------
[debug] 
[debug] [2021-07-12T19:56:19.479Z] > command requires scopes: ["email","openid","https://www.googleapis.com/auth/cloudplatformprojects.readonly","https://www.googleapis.com/auth/firebase","https://www.googleapis.com/auth/cloud-platform"]
[debug] [2021-07-12T19:56:19.479Z] > authorizing via signed-in user (ogheneruonaagadagba4@gmail.com)
[info] i  emulators: Starting emulators: functions {"metadata":{"emulator":{"name":"hub"},"message":"Starting emulators: functions"}}
[debug] [2021-07-12T19:56:19.553Z] [hub] writing locator at /var/folders/jv/g5yhy29s6057xq5b03z5wzyh0000gn/T/hub-mealstogo-f0841.json
[warn] ⚠  functions: The following emulators are not running, calls to these services from the Functions emulator will affect production: auth, firestore, database, hosting, pubsub, storage {"metadata":{"emulator":{"name":"functions"},"message":"The following emulators are not running, calls to these services from the Functions emulator will affect production: \u001b[1mauth, firestore, database, hosting, pubsub, storage\u001b[22m"}}
[info] ✔  functions: Using node@14 from host. {"metadata":{"emulator":{"name":"functions"},"message":"Using node@14 from host."}}
[debug] [2021-07-12T19:56:19.578Z] defaultcredentials: writing to file /Users/ruona/.config/firebase/ogheneruonaagadagba4_gmail_com_application_default_credentials.json
[debug] [2021-07-12T19:56:19.581Z] Setting GAC to /Users/ruona/.config/firebase/ogheneruonaagadagba4_gmail_com_application_default_credentials.json {"metadata":{"emulator":{"name":"functions"},"message":"Setting GAC to /Users/ruona/.config/firebase/ogheneruonaagadagba4_gmail_com_application_default_credentials.json"}}
[debug] [2021-07-12T19:56:19.585Z] > refreshing access token with scopes: []
[debug] [2021-07-12T19:56:19.586Z] >>> HTTP REQUEST POST https://www.googleapis.com/oauth2/v3/token  
 <request body omitted>
[debug] [2021-07-12T19:56:19.991Z] <<< HTTP RESPONSE 200 {"pragma":"no-cache","date":"Mon, 12 Jul 2021 19:56:19 GMT","expires":"Mon, 01 Jan 1990 00:00:00 GMT","cache-control":"no-cache, no-store, max-age=0, must-revalidate","content-type":"application/json; charset=utf-8","vary":"X-Origin, Referer, Origin,Accept-Encoding","server":"scaffolding on HTTPServer2","x-xss-protection":"0","x-frame-options":"SAMEORIGIN","x-content-type-options":"nosniff","alt-svc":"h3=\":443\"; ma=2592000,h3-29=\":443\"; ma=2592000,h3-T051=\":443\"; ma=2592000,h3-Q050=\":443\"; ma=2592000,h3-Q046=\":443\"; ma=2592000,h3-Q043=\":443\"; ma=2592000,quic=\":443\"; ma=2592000; v=\"46,43\"","accept-ranges":"none","transfer-encoding":"chunked"}
[debug] [2021-07-12T19:56:20.047Z] >>> [apiv2][query] GET https://firebase.googleapis.com/v1beta1/projects/mealstogo-f0841/adminSdkConfig [none]
[debug] [2021-07-12T19:56:20.664Z] <<< [apiv2][status] GET https://firebase.googleapis.com/v1beta1/projects/mealstogo-f0841/adminSdkConfig 200
[debug] [2021-07-12T19:56:20.665Z] <<< [apiv2][body] GET https://firebase.googleapis.com/v1beta1/projects/mealstogo-f0841/adminSdkConfig {"projectId":"mealstogo-f0841","storageBucket":"mealstogo-f0841.appspot.com"}
[info] i  ui: downloading ui-v1.6.0.zip... {"metadata":{"emulator":{"name":"ui"},"message":"downloading ui-v1.6.0.zip..."}}
[debug] [2021-07-12T19:56:20.973Z] >>> [apiv2][query] GET https://storage.googleapis.com/firebase-preview-drop/emulator/ui-v1.6.0.zip 
[debug] [2021-07-12T19:56:21.280Z] <<< [apiv2][status] GET https://storage.googleapis.com/firebase-preview-drop/emulator/ui-v1.6.0.zip 200
[debug] [2021-07-12T19:56:21.280Z] <<< [apiv2][body] GET https://storage.googleapis.com/firebase-preview-drop/emulator/ui-v1.6.0.zip [stream]
[debug] [2021-07-12T19:56:23.100Z] Ignoring unsupported arg: auto_download {"metadata":{"emulator":{"name":"ui"},"message":"Ignoring unsupported arg: auto_download"}}
[debug] [2021-07-12T19:56:23.101Z] Ignoring unsupported arg: port {"metadata":{"emulator":{"name":"ui"},"message":"Ignoring unsupported arg: port"}}
[debug] [2021-07-12T19:56:23.101Z] Starting Emulator UI with command {"binary":"node","args":["/Users/ruona/.cache/firebase/emulators/ui-v1.6.0/server.bundle.js"],"optionalArgs":[],"joinArgs":false} {"metadata":{"emulator":{"name":"ui"},"message":"Starting Emulator UI with command {\"binary\":\"node\",\"args\":[\"/Users/ruona/.cache/firebase/emulators/ui-v1.6.0/server.bundle.js\"],\"optionalArgs\":[],\"joinArgs\":false}"}}
[info] i  ui: Emulator UI logging to ui-debug.log {"metadata":{"emulator":{"name":"ui"},"message":"Emulator UI logging to \u001b[1mui-debug.log\u001b[22m"}}
[debug] [2021-07-12T19:56:23.274Z] Web / API server started at localhost:4000
 {"metadata":{"emulator":{"name":"ui"},"message":"Web / API server started at localhost:4000\n"}}
[info] i  functions: Watching "/Users/ruona/Desktop/MealsToGo/Meals2Go/functions" for Cloud Functions... {"metadata":{"emulator":{"name":"functions"},"message":"Watching \"/Users/ruona/Desktop/MealsToGo/Meals2Go/functions\" for Cloud Functions..."}}
[debug] [2021-07-12T19:56:23.393Z] [worker-pool] addWorker(~diagnostic~) {"metadata":{"emulator":{"name":"functions"},"message":"[worker-pool] addWorker(~diagnostic~)"}}
[debug] [2021-07-12T19:56:23.393Z] [worker-pool] Adding worker with key ~diagnostic~, total=1 {"metadata":{"emulator":{"name":"functions"},"message":"[worker-pool] Adding worker with key ~diagnostic~, total=1"}}
[debug] [2021-07-12T19:56:23.394Z] [worker-pool] submitWork(triggerId=) {"metadata":{"emulator":{"name":"functions"},"message":"[worker-pool] submitWork(triggerId=)"}}
[debug] [2021-07-12T19:56:23.394Z] [worker-~diagnostic~-ac063bf8-a620-494e-83bd-11eda86aeac8]: Assigning socketPath: /var/folders/jv/g5yhy29s6057xq5b03z5wzyh0000gn/T/fire_emu_72979.sock {"metadata":{"emulator":{"name":"functions"},"message":"[worker-~diagnostic~-ac063bf8-a620-494e-83bd-11eda86aeac8]: Assigning socketPath: /var/folders/jv/g5yhy29s6057xq5b03z5wzyh0000gn/T/fire_emu_72979.sock"}}
[debug] [2021-07-12T19:56:23.395Z] [worker-~diagnostic~-ac063bf8-a620-494e-83bd-11eda86aeac8]: BUSY {"metadata":{"emulator":{"name":"functions"},"message":"[worker-~diagnostic~-ac063bf8-a620-494e-83bd-11eda86aeac8]: BUSY"}}
[debug] [2021-07-12T19:56:23.645Z] [runtime-status] [72979] Functions runtime initialized. {"cwd":"/Users/ruona/Desktop/MealsToGo/Meals2Go/functions","node_version":"14.15.1"} {"metadata":{"emulator":{"name":"functions"},"message":"[runtime-status] [72979] Functions runtime initialized. {\"cwd\":\"/Users/ruona/Desktop/MealsToGo/Meals2Go/functions\",\"node_version\":\"14.15.1\"}"}}
[debug] [2021-07-12T19:56:23.646Z] [runtime-status] [72979] Disabled runtime features: undefined {"metadata":{"emulator":{"name":"functions"},"message":"[runtime-status] [72979] Disabled runtime features: undefined"}}
[debug] [2021-07-12T19:56:23.664Z] [runtime-status] [72979] Resolved module firebase-admin {"declared":true,"installed":true,"version":"9.10.0","resolution":"/Users/ruona/Desktop/MealsToGo/Meals2Go/functions/node_modules/firebase-admin/lib/index.js"} {"metadata":{"emulator":{"name":"functions"},"message":"[runtime-status] [72979] Resolved module firebase-admin {\"declared\":true,\"installed\":true,\"version\":\"9.10.0\",\"resolution\":\"/Users/ruona/Desktop/MealsToGo/Meals2Go/functions/node_modules/firebase-admin/lib/index.js\"}"}}
[debug] [2021-07-12T19:56:23.667Z] [runtime-status] [72979] Resolved module firebase-functions {"declared":true,"installed":true,"version":"3.14.1","resolution":"/Users/ruona/Desktop/MealsToGo/Meals2Go/functions/node_modules/firebase-functions/lib/index.js"} {"metadata":{"emulator":{"name":"functions"},"message":"[runtime-status] [72979] Resolved module firebase-functions {\"declared\":true,\"installed\":true,\"version\":\"3.14.1\",\"resolution\":\"/Users/ruona/Desktop/MealsToGo/Meals2Go/functions/node_modules/firebase-functions/lib/index.js\"}"}}
[debug] [2021-07-12T19:56:23.669Z] [runtime-status] [72979] Resolved module firebase-functions {"declared":true,"installed":true,"version":"3.14.1","resolution":"/Users/ruona/Desktop/MealsToGo/Meals2Go/functions/node_modules/firebase-functions/lib/index.js"} {"metadata":{"emulator":{"name":"functions"},"message":"[runtime-status] [72979] Resolved module firebase-functions {\"declared\":true,\"installed\":true,\"version\":\"3.14.1\",\"resolution\":\"/Users/ruona/Desktop/MealsToGo/Meals2Go/functions/node_modules/firebase-functions/lib/index.js\"}"}}
[debug] [2021-07-12T19:56:23.672Z] [runtime-status] [72979] Outgoing network have been stubbed. [{"name":"http","status":"mocked"},{"name":"http","status":"mocked"},{"name":"https","status":"mocked"},{"name":"https","status":"mocked"},{"name":"net","status":"mocked"}] {"metadata":{"emulator":{"name":"functions"},"message":"[runtime-status] [72979] Outgoing network have been stubbed. [{\"name\":\"http\",\"status\":\"mocked\"},{\"name\":\"http\",\"status\":\"mocked\"},{\"name\":\"https\",\"status\":\"mocked\"},{\"name\":\"https\",\"status\":\"mocked\"},{\"name\":\"net\",\"status\":\"mocked\"}]"}}
[debug] [2021-07-12T19:56:23.673Z] [runtime-status] [72979] Resolved module firebase-functions {"declared":true,"installed":true,"version":"3.14.1","resolution":"/Users/ruona/Desktop/MealsToGo/Meals2Go/functions/node_modules/firebase-functions/lib/index.js"} {"metadata":{"emulator":{"name":"functions"},"message":"[runtime-status] [72979] Resolved module firebase-functions {\"declared\":true,\"installed\":true,\"version\":\"3.14.1\",\"resolution\":\"/Users/ruona/Desktop/MealsToGo/Meals2Go/functions/node_modules/firebase-functions/lib/index.js\"}"}}
[debug] [2021-07-12T19:56:23.762Z] [runtime-status] [72979] Checked functions.config() {"config":{}} {"metadata":{"emulator":{"name":"functions"},"message":"[runtime-status] [72979] Checked functions.config() {\"config\":{}}"}}
[debug] [2021-07-12T19:56:23.763Z] [runtime-status] [72979] firebase-functions has been stubbed. {"functionsResolution":{"declared":true,"installed":true,"version":"3.14.1","resolution":"/Users/ruona/Desktop/MealsToGo/Meals2Go/functions/node_modules/firebase-functions/lib/index.js"}} {"metadata":{"emulator":{"name":"functions"},"message":"[runtime-status] [72979] firebase-functions has been stubbed. {\"functionsResolution\":{\"declared\":true,\"installed\":true,\"version\":\"3.14.1\",\"resolution\":\"/Users/ruona/Desktop/MealsToGo/Meals2Go/functions/node_modules/firebase-functions/lib/index.js\"}}"}}
[debug] [2021-07-12T19:56:23.765Z] [runtime-status] [72979] Resolved module firebase-functions {"declared":true,"installed":true,"version":"3.14.1","resolution":"/Users/ruona/Desktop/MealsToGo/Meals2Go/functions/node_modules/firebase-functions/lib/index.js"} {"metadata":{"emulator":{"name":"functions"},"message":"[runtime-status] [72979] Resolved module firebase-functions {\"declared\":true,\"installed\":true,\"version\":\"3.14.1\",\"resolution\":\"/Users/ruona/Desktop/MealsToGo/Meals2Go/functions/node_modules/firebase-functions/lib/index.js\"}"}}
[debug] [2021-07-12T19:56:23.767Z] [runtime-status] [72979] Resolved module firebase-admin {"declared":true,"installed":true,"version":"9.10.0","resolution":"/Users/ruona/Desktop/MealsToGo/Meals2Go/functions/node_modules/firebase-admin/lib/index.js"} {"metadata":{"emulator":{"name":"functions"},"message":"[runtime-status] [72979] Resolved module firebase-admin {\"declared\":true,\"installed\":true,\"version\":\"9.10.0\",\"resolution\":\"/Users/ruona/Desktop/MealsToGo/Meals2Go/functions/node_modules/firebase-admin/lib/index.js\"}"}}
[debug] [2021-07-12T19:56:23.768Z] [runtime-status] [72979] Resolved module firebase-functions {"declared":true,"installed":true,"version":"3.14.1","resolution":"/Users/ruona/Desktop/MealsToGo/Meals2Go/functions/node_modules/firebase-functions/lib/index.js"} {"metadata":{"emulator":{"name":"functions"},"message":"[runtime-status] [72979] Resolved module firebase-functions {\"declared\":true,\"installed\":true,\"version\":\"3.14.1\",\"resolution\":\"/Users/ruona/Desktop/MealsToGo/Meals2Go/functions/node_modules/firebase-functions/lib/index.js\"}"}}
[debug] [2021-07-12T19:56:23.769Z] [runtime-status] [72979] firebase-admin has been stubbed. {"adminResolution":{"declared":true,"installed":true,"version":"9.10.0","resolution":"/Users/ruona/Desktop/MealsToGo/Meals2Go/functions/node_modules/firebase-admin/lib/index.js"}} {"metadata":{"emulator":{"name":"functions"},"message":"[runtime-status] [72979] firebase-admin has been stubbed. {\"adminResolution\":{\"declared\":true,\"installed\":true,\"version\":\"9.10.0\",\"resolution\":\"/Users/ruona/Desktop/MealsToGo/Meals2Go/functions/node_modules/firebase-admin/lib/index.js\"}}"}}
[info] 
┌─────────────────────────────────────────────────────────────┐
│ ✔  All emulators ready! It is now safe to connect your app. │
│ i  View Emulator UI at http://localhost:4000                │
└─────────────────────────────────────────────────────────────┘

┌───────────┬────────────────┬─────────────────────────────────┐
│ Emulator  │ Host:Port      │ View in Emulator UI             │
├───────────┼────────────────┼─────────────────────────────────┤
│ Functions │ localhost:5001 │ http://localhost:4000/functions │
└───────────┴────────────────┴─────────────────────────────────┘
  Emulator Hub running at localhost:4400
  Other reserved ports: 4500

Issues? Report them at https://github.com/firebase/firebase-tools/issues and attach the *-debug.log files.
 
[debug] [2021-07-12T19:56:23.781Z] [worker-~diagnostic~-ac063bf8-a620-494e-83bd-11eda86aeac8]: IDLE {"metadata":{"emulator":{"name":"functions"},"message":"[worker-~diagnostic~-ac063bf8-a620-494e-83bd-11eda86aeac8]: IDLE"}}
[debug] [2021-07-12T19:58:58.406Z] File /Users/ruona/Desktop/MealsToGo/Meals2Go/functions/index.js changed, reloading triggers {"metadata":{"emulator":{"name":"functions"},"message":"File /Users/ruona/Desktop/MealsToGo/Meals2Go/functions/index.js changed, reloading triggers"}}
[debug] [2021-07-12T19:58:59.420Z] [worker-pool] Shutting down IDLE worker (~diagnostic~) {"metadata":{"emulator":{"name":"functions"},"message":"[worker-pool] Shutting down IDLE worker (~diagnostic~)"}}
[debug] [2021-07-12T19:58:59.421Z] [worker-~diagnostic~-ac063bf8-a620-494e-83bd-11eda86aeac8]: FINISHING {"metadata":{"emulator":{"name":"functions"},"message":"[worker-~diagnostic~-ac063bf8-a620-494e-83bd-11eda86aeac8]: FINISHING"}}
[debug] [2021-07-12T19:58:59.449Z] [worker-pool] addWorker(~diagnostic~) {"metadata":{"emulator":{"name":"functions"},"message":"[worker-pool] addWorker(~diagnostic~)"}}
[debug] [2021-07-12T19:58:59.450Z] [worker-pool] Adding worker with key ~diagnostic~, total=2 {"metadata":{"emulator":{"name":"functions"},"message":"[worker-pool] Adding worker with key ~diagnostic~, total=2"}}
[debug] [2021-07-12T19:58:59.450Z] [worker-pool] submitWork(triggerId=) {"metadata":{"emulator":{"name":"functions"},"message":"[worker-pool] submitWork(triggerId=)"}}
[debug] [2021-07-12T19:58:59.450Z] [worker-~diagnostic~-6806d1ff-7286-49cb-b016-b513de3a9997]: Assigning socketPath: /var/folders/jv/g5yhy29s6057xq5b03z5wzyh0000gn/T/fire_emu_73036.sock {"metadata":{"emulator":{"name":"functions"},"message":"[worker-~diagnostic~-6806d1ff-7286-49cb-b016-b513de3a9997]: Assigning socketPath: /var/folders/jv/g5yhy29s6057xq5b03z5wzyh0000gn/T/fire_emu_73036.sock"}}
[debug] [2021-07-12T19:58:59.451Z] [worker-~diagnostic~-6806d1ff-7286-49cb-b016-b513de3a9997]: BUSY {"metadata":{"emulator":{"name":"functions"},"message":"[worker-~diagnostic~-6806d1ff-7286-49cb-b016-b513de3a9997]: BUSY"}}
[debug] [2021-07-12T19:58:59.458Z] [worker-~diagnostic~-ac063bf8-a620-494e-83bd-11eda86aeac8]: exited {"metadata":{"emulator":{"name":"functions"},"message":"[worker-~diagnostic~-ac063bf8-a620-494e-83bd-11eda86aeac8]: exited"}}
[debug] [2021-07-12T19:58:59.458Z] [worker-~diagnostic~-ac063bf8-a620-494e-83bd-11eda86aeac8]: FINISHED {"metadata":{"emulator":{"name":"functions"},"message":"[worker-~diagnostic~-ac063bf8-a620-494e-83bd-11eda86aeac8]: FINISHED"}}
[debug] [2021-07-12T19:58:59.828Z] [runtime-status] [73036] Functions runtime initialized. {"cwd":"/Users/ruona/Desktop/MealsToGo/Meals2Go/functions","node_version":"14.15.1"} {"metadata":{"emulator":{"name":"functions"},"message":"[runtime-status] [73036] Functions runtime initialized. {\"cwd\":\"/Users/ruona/Desktop/MealsToGo/Meals2Go/functions\",\"node_version\":\"14.15.1\"}"}}
[debug] [2021-07-12T19:58:59.831Z] [runtime-status] [73036] Disabled runtime features: undefined {"metadata":{"emulator":{"name":"functions"},"message":"[runtime-status] [73036] Disabled runtime features: undefined"}}
[debug] [2021-07-12T19:58:59.835Z] [runtime-status] [73036] Resolved module firebase-admin {"declared":true,"installed":true,"version":"9.10.0","resolution":"/Users/ruona/Desktop/MealsToGo/Meals2Go/functions/node_modules/firebase-admin/lib/index.js"} {"metadata":{"emulator":{"name":"functions"},"message":"[runtime-status] [73036] Resolved module firebase-admin {\"declared\":true,\"installed\":true,\"version\":\"9.10.0\",\"resolution\":\"/Users/ruona/Desktop/MealsToGo/Meals2Go/functions/node_modules/firebase-admin/lib/index.js\"}"}}
[debug] [2021-07-12T19:58:59.837Z] [runtime-status] [73036] Resolved module firebase-functions {"declared":true,"installed":true,"version":"3.14.1","resolution":"/Users/ruona/Desktop/MealsToGo/Meals2Go/functions/node_modules/firebase-functions/lib/index.js"} {"metadata":{"emulator":{"name":"functions"},"message":"[runtime-status] [73036] Resolved module firebase-functions {\"declared\":true,\"installed\":true,\"version\":\"3.14.1\",\"resolution\":\"/Users/ruona/Desktop/MealsToGo/Meals2Go/functions/node_modules/firebase-functions/lib/index.js\"}"}}
[debug] [2021-07-12T19:58:59.842Z] [runtime-status] [73036] Resolved module firebase-functions {"declared":true,"installed":true,"version":"3.14.1","resolution":"/Users/ruona/Desktop/MealsToGo/Meals2Go/functions/node_modules/firebase-functions/lib/index.js"} {"metadata":{"emulator":{"name":"functions"},"message":"[runtime-status] [73036] Resolved module firebase-functions {\"declared\":true,\"installed\":true,\"version\":\"3.14.1\",\"resolution\":\"/Users/ruona/Desktop/MealsToGo/Meals2Go/functions/node_modules/firebase-functions/lib/index.js\"}"}}
[debug] [2021-07-12T19:58:59.846Z] [runtime-status] [73036] Outgoing network have been stubbed. [{"name":"http","status":"mocked"},{"name":"http","status":"mocked"},{"name":"https","status":"mocked"},{"name":"https","status":"mocked"},{"name":"net","status":"mocked"}] {"metadata":{"emulator":{"name":"functions"},"message":"[runtime-status] [73036] Outgoing network have been stubbed. [{\"name\":\"http\",\"status\":\"mocked\"},{\"name\":\"http\",\"status\":\"mocked\"},{\"name\":\"https\",\"status\":\"mocked\"},{\"name\":\"https\",\"status\":\"mocked\"},{\"name\":\"net\",\"status\":\"mocked\"}]"}}
[debug] [2021-07-12T19:58:59.848Z] [runtime-status] [73036] Resolved module firebase-functions {"declared":true,"installed":true,"version":"3.14.1","resolution":"/Users/ruona/Desktop/MealsToGo/Meals2Go/functions/node_modules/firebase-functions/lib/index.js"} {"metadata":{"emulator":{"name":"functions"},"message":"[runtime-status] [73036] Resolved module firebase-functions {\"declared\":true,\"installed\":true,\"version\":\"3.14.1\",\"resolution\":\"/Users/ruona/Desktop/MealsToGo/Meals2Go/functions/node_modules/firebase-functions/lib/index.js\"}"}}
[debug] [2021-07-12T19:59:00.010Z] [runtime-status] [73036] Checked functions.config() {"config":{}} {"metadata":{"emulator":{"name":"functions"},"message":"[runtime-status] [73036] Checked functions.config() {\"config\":{}}"}}
[debug] [2021-07-12T19:59:00.010Z] [runtime-status] [73036] firebase-functions has been stubbed. {"functionsResolution":{"declared":true,"installed":true,"version":"3.14.1","resolution":"/Users/ruona/Desktop/MealsToGo/Meals2Go/functions/node_modules/firebase-functions/lib/index.js"}} {"metadata":{"emulator":{"name":"functions"},"message":"[runtime-status] [73036] firebase-functions has been stubbed. {\"functionsResolution\":{\"declared\":true,\"installed\":true,\"version\":\"3.14.1\",\"resolution\":\"/Users/ruona/Desktop/MealsToGo/Meals2Go/functions/node_modules/firebase-functions/lib/index.js\"}}"}}
[debug] [2021-07-12T19:59:00.011Z] [runtime-status] [73036] Resolved module firebase-functions {"declared":true,"installed":true,"version":"3.14.1","resolution":"/Users/ruona/Desktop/MealsToGo/Meals2Go/functions/node_modules/firebase-functions/lib/index.js"} {"metadata":{"emulator":{"name":"functions"},"message":"[runtime-status] [73036] Resolved module firebase-functions {\"declared\":true,\"installed\":true,\"version\":\"3.14.1\",\"resolution\":\"/Users/ruona/Desktop/MealsToGo/Meals2Go/functions/node_modules/firebase-functions/lib/index.js\"}"}}
[debug] [2021-07-12T19:59:00.012Z] [runtime-status] [73036] Resolved module firebase-admin {"declared":true,"installed":true,"version":"9.10.0","resolution":"/Users/ruona/Desktop/MealsToGo/Meals2Go/functions/node_modules/firebase-admin/lib/index.js"} {"metadata":{"emulator":{"name":"functions"},"message":"[runtime-status] [73036] Resolved module firebase-admin {\"declared\":true,\"installed\":true,\"version\":\"9.10.0\",\"resolution\":\"/Users/ruona/Desktop/MealsToGo/Meals2Go/functions/node_modules/firebase-admin/lib/index.js\"}"}}
[debug] [2021-07-12T19:59:00.014Z] [runtime-status] [73036] Resolved module firebase-functions {"declared":true,"installed":true,"version":"3.14.1","resolution":"/Users/ruona/Desktop/MealsToGo/Meals2Go/functions/node_modules/firebase-functions/lib/index.js"} {"metadata":{"emulator":{"name":"functions"},"message":"[runtime-status] [73036] Resolved module firebase-functions {\"declared\":true,\"installed\":true,\"version\":\"3.14.1\",\"resolution\":\"/Users/ruona/Desktop/MealsToGo/Meals2Go/functions/node_modules/firebase-functions/lib/index.js\"}"}}
[debug] [2021-07-12T19:59:00.016Z] [runtime-status] [73036] firebase-admin has been stubbed. {"adminResolution":{"declared":true,"installed":true,"version":"9.10.0","resolution":"/Users/ruona/Desktop/MealsToGo/Meals2Go/functions/node_modules/firebase-admin/lib/index.js"}} {"metadata":{"emulator":{"name":"functions"},"message":"[runtime-status] [73036] firebase-admin has been stubbed. {\"adminResolution\":{\"declared\":true,\"installed\":true,\"version\":\"9.10.0\",\"resolution\":\"/Users/ruona/Desktop/MealsToGo/Meals2Go/functions/node_modules/firebase-admin/lib/index.js\"}}"}}
[info] ✔  functions[us-central1-helloWorld]: http function initialized (http://localhost:5001/mealstogo-f0841/us-central1/helloWorld). {"metadata":{"emulator":{"name":"functions"},"message":"\u001b[1mhttp\u001b[22m function initialized (http://localhost:5001/mealstogo-f0841/us-central1/helloWorld)."}}
[debug] [2021-07-12T19:59:00.028Z] [worker-~diagnostic~-6806d1ff-7286-49cb-b016-b513de3a9997]: IDLE {"metadata":{"emulator":{"name":"functions"},"message":"[worker-~diagnostic~-6806d1ff-7286-49cb-b016-b513de3a9997]: IDLE"}}
[debug] [2021-07-12T19:59:19.907Z] [work-queue] {"queueLength":1,"workRunningCount":0}
[debug] [2021-07-12T19:59:19.907Z] [work-queue] {"queueLength":0,"workRunningCount":1}
[debug] [2021-07-12T19:59:19.908Z] Accepted request GET /mealstogo-f0841/us-central1/helloWorld --> us-central1-helloWorld
[debug] [2021-07-12T19:59:19.909Z] [worker-pool] Cleaned up workers for ~diagnostic~: 2 --> 1 {"metadata":{"emulator":{"name":"functions"},"message":"[worker-pool] Cleaned up workers for ~diagnostic~: 2 --> 1"}}
[debug] [2021-07-12T19:59:19.919Z] [worker-pool] addWorker(us-central1-helloWorld) {"metadata":{"emulator":{"name":"functions"},"message":"[worker-pool] addWorker(us-central1-helloWorld)"}}
[debug] [2021-07-12T19:59:19.920Z] [worker-pool] Adding worker with key us-central1-helloWorld, total=1 {"metadata":{"emulator":{"name":"functions"},"message":"[worker-pool] Adding worker with key us-central1-helloWorld, total=1"}}
[debug] [2021-07-12T19:59:19.920Z] [worker-pool] submitWork(triggerId=us-central1-helloWorld) {"metadata":{"emulator":{"name":"functions"},"message":"[worker-pool] submitWork(triggerId=us-central1-helloWorld)"}}
[debug] [2021-07-12T19:59:19.920Z] [worker-us-central1-helloWorld-0ebb8a31-9997-4db4-ba48-2f3b3f3754ee]: Assigning socketPath: /var/folders/jv/g5yhy29s6057xq5b03z5wzyh0000gn/T/fire_emu_73049.sock {"metadata":{"emulator":{"name":"functions"},"message":"[worker-us-central1-helloWorld-0ebb8a31-9997-4db4-ba48-2f3b3f3754ee]: Assigning socketPath: /var/folders/jv/g5yhy29s6057xq5b03z5wzyh0000gn/T/fire_emu_73049.sock"}}
[debug] [2021-07-12T19:59:19.920Z] [worker-us-central1-helloWorld-0ebb8a31-9997-4db4-ba48-2f3b3f3754ee]: BUSY {"metadata":{"emulator":{"name":"functions"},"message":"[worker-us-central1-helloWorld-0ebb8a31-9997-4db4-ba48-2f3b3f3754ee]: BUSY"}}
[debug] [2021-07-12T19:59:20.395Z] [runtime-status] [73049] Functions runtime initialized. {"cwd":"/Users/ruona/Desktop/MealsToGo/Meals2Go/functions","node_version":"14.15.1"} {"metadata":{"emulator":{"name":"functions"},"function":{"name":"us-central1-helloWorld"},"message":"[runtime-status] [73049] Functions runtime initialized. {\"cwd\":\"/Users/ruona/Desktop/MealsToGo/Meals2Go/functions\",\"node_version\":\"14.15.1\"}"}}
[debug] [2021-07-12T19:59:20.400Z] [runtime-status] [73049] Disabled runtime features: undefined {"metadata":{"emulator":{"name":"functions"},"function":{"name":"us-central1-helloWorld"},"message":"[runtime-status] [73049] Disabled runtime features: undefined"}}
[debug] [2021-07-12T19:59:20.405Z] [runtime-status] [73049] Resolved module firebase-admin {"declared":true,"installed":true,"version":"9.10.0","resolution":"/Users/ruona/Desktop/MealsToGo/Meals2Go/functions/node_modules/firebase-admin/lib/index.js"} {"metadata":{"emulator":{"name":"functions"},"function":{"name":"us-central1-helloWorld"},"message":"[runtime-status] [73049] Resolved module firebase-admin {\"declared\":true,\"installed\":true,\"version\":\"9.10.0\",\"resolution\":\"/Users/ruona/Desktop/MealsToGo/Meals2Go/functions/node_modules/firebase-admin/lib/index.js\"}"}}
[debug] [2021-07-12T19:59:20.410Z] [runtime-status] [73049] Resolved module firebase-functions {"declared":true,"installed":true,"version":"3.14.1","resolution":"/Users/ruona/Desktop/MealsToGo/Meals2Go/functions/node_modules/firebase-functions/lib/index.js"} {"metadata":{"emulator":{"name":"functions"},"function":{"name":"us-central1-helloWorld"},"message":"[runtime-status] [73049] Resolved module firebase-functions {\"declared\":true,\"installed\":true,\"version\":\"3.14.1\",\"resolution\":\"/Users/ruona/Desktop/MealsToGo/Meals2Go/functions/node_modules/firebase-functions/lib/index.js\"}"}}
[debug] [2021-07-12T19:59:20.413Z] [runtime-status] [73049] Resolved module firebase-functions {"declared":true,"installed":true,"version":"3.14.1","resolution":"/Users/ruona/Desktop/MealsToGo/Meals2Go/functions/node_modules/firebase-functions/lib/index.js"} {"metadata":{"emulator":{"name":"functions"},"function":{"name":"us-central1-helloWorld"},"message":"[runtime-status] [73049] Resolved module firebase-functions {\"declared\":true,\"installed\":true,\"version\":\"3.14.1\",\"resolution\":\"/Users/ruona/Desktop/MealsToGo/Meals2Go/functions/node_modules/firebase-functions/lib/index.js\"}"}}
[debug] [2021-07-12T19:59:20.416Z] [runtime-status] [73049] Outgoing network have been stubbed. [{"name":"http","status":"mocked"},{"name":"http","status":"mocked"},{"name":"https","status":"mocked"},{"name":"https","status":"mocked"},{"name":"net","status":"mocked"}] {"metadata":{"emulator":{"name":"functions"},"function":{"name":"us-central1-helloWorld"},"message":"[runtime-status] [73049] Outgoing network have been stubbed. [{\"name\":\"http\",\"status\":\"mocked\"},{\"name\":\"http\",\"status\":\"mocked\"},{\"name\":\"https\",\"status\":\"mocked\"},{\"name\":\"https\",\"status\":\"mocked\"},{\"name\":\"net\",\"status\":\"mocked\"}]"}}
[debug] [2021-07-12T19:59:20.417Z] [runtime-status] [73049] Resolved module firebase-functions {"declared":true,"installed":true,"version":"3.14.1","resolution":"/Users/ruona/Desktop/MealsToGo/Meals2Go/functions/node_modules/firebase-functions/lib/index.js"} {"metadata":{"emulator":{"name":"functions"},"function":{"name":"us-central1-helloWorld"},"message":"[runtime-status] [73049] Resolved module firebase-functions {\"declared\":true,\"installed\":true,\"version\":\"3.14.1\",\"resolution\":\"/Users/ruona/Desktop/MealsToGo/Meals2Go/functions/node_modules/firebase-functions/lib/index.js\"}"}}
[debug] [2021-07-12T19:59:20.527Z] [runtime-status] [73049] Checked functions.config() {"config":{}} {"metadata":{"emulator":{"name":"functions"},"function":{"name":"us-central1-helloWorld"},"message":"[runtime-status] [73049] Checked functions.config() {\"config\":{}}"}}
[debug] [2021-07-12T19:59:20.528Z] [runtime-status] [73049] firebase-functions has been stubbed. {"functionsResolution":{"declared":true,"installed":true,"version":"3.14.1","resolution":"/Users/ruona/Desktop/MealsToGo/Meals2Go/functions/node_modules/firebase-functions/lib/index.js"}} {"metadata":{"emulator":{"name":"functions"},"function":{"name":"us-central1-helloWorld"},"message":"[runtime-status] [73049] firebase-functions has been stubbed. {\"functionsResolution\":{\"declared\":true,\"installed\":true,\"version\":\"3.14.1\",\"resolution\":\"/Users/ruona/Desktop/MealsToGo/Meals2Go/functions/node_modules/firebase-functions/lib/index.js\"}}"}}
[debug] [2021-07-12T19:59:20.530Z] [runtime-status] [73049] Resolved module firebase-functions {"declared":true,"installed":true,"version":"3.14.1","resolution":"/Users/ruona/Desktop/MealsToGo/Meals2Go/functions/node_modules/firebase-functions/lib/index.js"} {"metadata":{"emulator":{"name":"functions"},"function":{"name":"us-central1-helloWorld"},"message":"[runtime-status] [73049] Resolved module firebase-functions {\"declared\":true,\"installed\":true,\"version\":\"3.14.1\",\"resolution\":\"/Users/ruona/Desktop/MealsToGo/Meals2Go/functions/node_modules/firebase-functions/lib/index.js\"}"}}
[debug] [2021-07-12T19:59:20.532Z] [runtime-status] [73049] Resolved module firebase-admin {"declared":true,"installed":true,"version":"9.10.0","resolution":"/Users/ruona/Desktop/MealsToGo/Meals2Go/functions/node_modules/firebase-admin/lib/index.js"} {"metadata":{"emulator":{"name":"functions"},"function":{"name":"us-central1-helloWorld"},"message":"[runtime-status] [73049] Resolved module firebase-admin {\"declared\":true,\"installed\":true,\"version\":\"9.10.0\",\"resolution\":\"/Users/ruona/Desktop/MealsToGo/Meals2Go/functions/node_modules/firebase-admin/lib/index.js\"}"}}
[debug] [2021-07-12T19:59:20.533Z] [runtime-status] [73049] Resolved module firebase-functions {"declared":true,"installed":true,"version":"3.14.1","resolution":"/Users/ruona/Desktop/MealsToGo/Meals2Go/functions/node_modules/firebase-functions/lib/index.js"} {"metadata":{"emulator":{"name":"functions"},"function":{"name":"us-central1-helloWorld"},"message":"[runtime-status] [73049] Resolved module firebase-functions {\"declared\":true,\"installed\":true,\"version\":\"3.14.1\",\"resolution\":\"/Users/ruona/Desktop/MealsToGo/Meals2Go/functions/node_modules/firebase-functions/lib/index.js\"}"}}
[debug] [2021-07-12T19:59:20.533Z] [runtime-status] [73049] firebase-admin has been stubbed. {"adminResolution":{"declared":true,"installed":true,"version":"9.10.0","resolution":"/Users/ruona/Desktop/MealsToGo/Meals2Go/functions/node_modules/firebase-admin/lib/index.js"}} {"metadata":{"emulator":{"name":"functions"},"function":{"name":"us-central1-helloWorld"},"message":"[runtime-status] [73049] firebase-admin has been stubbed. {\"adminResolution\":{\"declared\":true,\"installed\":true,\"version\":\"9.10.0\",\"resolution\":\"/Users/ruona/Desktop/MealsToGo/Meals2Go/functions/node_modules/firebase-admin/lib/index.js\"}}"}}
[debug] [2021-07-12T19:59:20.537Z] [runtime-status] [73049] Trigger "us-central1-helloWorld" has been found, beginning invocation! {"metadata":{"emulator":{"name":"functions"},"function":{"name":"us-central1-helloWorld"},"message":"[runtime-status] [73049] Trigger \"us-central1-helloWorld\" has been found, beginning invocation!"}}
[info] i  functions: Beginning execution of "us-central1-helloWorld" {"metadata":{"emulator":{"name":"functions"},"function":{"name":"us-central1-helloWorld"},"message":"Beginning execution of \"us-central1-helloWorld\""}}
[debug] [2021-07-12T19:59:20.539Z] [runtime-status] [73049] triggerDefinition {"httpsTrigger":{},"name":"helloWorld","entryPoint":"helloWorld","regions":["us-central1"],"region":"us-central1","id":"us-central1-helloWorld"} {"metadata":{"emulator":{"name":"functions"},"function":{"name":"us-central1-helloWorld"},"message":"[runtime-status] [73049] triggerDefinition {\"httpsTrigger\":{},\"name\":\"helloWorld\",\"entryPoint\":\"helloWorld\",\"regions\":[\"us-central1\"],\"region\":\"us-central1\",\"id\":\"us-central1-helloWorld\"}"}}
[debug] [2021-07-12T19:59:20.539Z] [runtime-status] [73049] Running us-central1-helloWorld in mode HTTPS {"metadata":{"emulator":{"name":"functions"},"function":{"name":"us-central1-helloWorld"},"message":"[runtime-status] [73049] Running us-central1-helloWorld in mode HTTPS"}}
[debug] [2021-07-12T19:59:20.558Z] [runtime-status] [73049] Attempting to listen to socketPath: /var/folders/jv/g5yhy29s6057xq5b03z5wzyh0000gn/T/fire_emu_73049.sock {"metadata":{"emulator":{"name":"functions"},"function":{"name":"us-central1-helloWorld"},"message":"[runtime-status] [73049] Attempting to listen to socketPath: /var/folders/jv/g5yhy29s6057xq5b03z5wzyh0000gn/T/fire_emu_73049.sock"}}
[debug] [2021-07-12T19:59:20.565Z] [functions] Runtime ready! Sending request! {"metadata":{"emulator":{"name":"functions"},"message":"[functions] Runtime ready! Sending request!"}}
[debug] [2021-07-12T19:59:20.567Z] [functions] Got req.url=/mealstogo-f0841/us-central1/helloWorld, mapping to path=/ {"metadata":{"emulator":{"name":"functions"},"message":"[functions] Got req.url=/mealstogo-f0841/us-central1/helloWorld, mapping to path=/"}}
[debug] [2021-07-12T19:59:20.585Z] [runtime-status] [73049] Ephemeral server handling GET request {"metadata":{"emulator":{"name":"functions"},"function":{"name":"us-central1-helloWorld"},"message":"[runtime-status] [73049] Ephemeral server handling GET request"}}
[info] >  {"structuredData":true,"severity":"INFO","message":"Hello logs!"} {"user":{"structuredData":true,"severity":"INFO","message":"Hello logs!"},"metadata":{"emulator":{"name":"functions"},"function":{"name":"us-central1-helloWorld"},"message":"\u001b[90m> \u001b[39m {\"structuredData\":true,\"severity\":\"INFO\",\"message\":\"Hello logs!\"}"}}
[debug] [2021-07-12T19:59:20.614Z] [runtime-status] [73049] Ephemeral server survived. {"metadata":{"emulator":{"name":"functions"},"function":{"name":"us-central1-helloWorld"},"message":"[runtime-status] [73049] Ephemeral server survived."}}
[info] i  functions: Finished "us-central1-helloWorld" in ~1s {"metadata":{"emulator":{"name":"functions"},"function":{"name":"us-central1-helloWorld"},"message":"Finished \"us-central1-helloWorld\" in ~1s"}}
[debug] [2021-07-12T19:59:20.622Z] [worker-us-central1-helloWorld-0ebb8a31-9997-4db4-ba48-2f3b3f3754ee]: IDLE {"metadata":{"emulator":{"name":"functions"},"message":"[worker-us-central1-helloWorld-0ebb8a31-9997-4db4-ba48-2f3b3f3754ee]: IDLE"}}
[debug] [2021-07-12T19:59:20.622Z] [work-queue] {"queueLength":0,"workRunningCount":0}
[debug] [2021-07-12T19:59:20.959Z] Functions emulator received unknown request at path /favicon.ico
[debug] [2021-07-12T19:59:55.470Z] File /Users/ruona/Desktop/MealsToGo/Meals2Go/functions/index.js changed, reloading triggers {"metadata":{"emulator":{"name":"functions"},"message":"File /Users/ruona/Desktop/MealsToGo/Meals2Go/functions/index.js changed, reloading triggers"}}
[debug] [2021-07-12T19:59:56.472Z] [worker-pool] Shutting down IDLE worker (~diagnostic~) {"metadata":{"emulator":{"name":"functions"},"message":"[worker-pool] Shutting down IDLE worker (~diagnostic~)"}}
[debug] [2021-07-12T19:59:56.472Z] [worker-~diagnostic~-6806d1ff-7286-49cb-b016-b513de3a9997]: FINISHING {"metadata":{"emulator":{"name":"functions"},"message":"[worker-~diagnostic~-6806d1ff-7286-49cb-b016-b513de3a9997]: FINISHING"}}
[debug] [2021-07-12T19:59:56.473Z] [worker-pool] Shutting down IDLE worker (us-central1-helloWorld) {"metadata":{"emulator":{"name":"functions"},"message":"[worker-pool] Shutting down IDLE worker (us-central1-helloWorld)"}}
[debug] [2021-07-12T19:59:56.473Z] [worker-us-central1-helloWorld-0ebb8a31-9997-4db4-ba48-2f3b3f3754ee]: FINISHING {"metadata":{"emulator":{"name":"functions"},"message":"[worker-us-central1-helloWorld-0ebb8a31-9997-4db4-ba48-2f3b3f3754ee]: FINISHING"}}
[debug] [2021-07-12T19:59:56.495Z] [worker-pool] addWorker(~diagnostic~) {"metadata":{"emulator":{"name":"functions"},"message":"[worker-pool] addWorker(~diagnostic~)"}}
[debug] [2021-07-12T19:59:56.496Z] [worker-pool] Adding worker with key ~diagnostic~, total=2 {"metadata":{"emulator":{"name":"functions"},"message":"[worker-pool] Adding worker with key ~diagnostic~, total=2"}}
[debug] [2021-07-12T19:59:56.496Z] [worker-pool] submitWork(triggerId=) {"metadata":{"emulator":{"name":"functions"},"message":"[worker-pool] submitWork(triggerId=)"}}
[debug] [2021-07-12T19:59:56.497Z] [worker-~diagnostic~-af80b96c-07dc-4f40-9771-ec5afc87297d]: Assigning socketPath: /var/folders/jv/g5yhy29s6057xq5b03z5wzyh0000gn/T/fire_emu_73054.sock {"metadata":{"emulator":{"name":"functions"},"message":"[worker-~diagnostic~-af80b96c-07dc-4f40-9771-ec5afc87297d]: Assigning socketPath: /var/folders/jv/g5yhy29s6057xq5b03z5wzyh0000gn/T/fire_emu_73054.sock"}}
[debug] [2021-07-12T19:59:56.497Z] [worker-~diagnostic~-af80b96c-07dc-4f40-9771-ec5afc87297d]: BUSY {"metadata":{"emulator":{"name":"functions"},"message":"[worker-~diagnostic~-af80b96c-07dc-4f40-9771-ec5afc87297d]: BUSY"}}
[debug] [2021-07-12T19:59:56.499Z] [worker-~diagnostic~-6806d1ff-7286-49cb-b016-b513de3a9997]: exited {"metadata":{"emulator":{"name":"functions"},"message":"[worker-~diagnostic~-6806d1ff-7286-49cb-b016-b513de3a9997]: exited"}}
[debug] [2021-07-12T19:59:56.499Z] [worker-~diagnostic~-6806d1ff-7286-49cb-b016-b513de3a9997]: FINISHED {"metadata":{"emulator":{"name":"functions"},"message":"[worker-~diagnostic~-6806d1ff-7286-49cb-b016-b513de3a9997]: FINISHED"}}
[debug] [2021-07-12T19:59:56.500Z] [worker-us-central1-helloWorld-0ebb8a31-9997-4db4-ba48-2f3b3f3754ee]: exited {"metadata":{"emulator":{"name":"functions"},"message":"[worker-us-central1-helloWorld-0ebb8a31-9997-4db4-ba48-2f3b3f3754ee]: exited"}}
[debug] [2021-07-12T19:59:56.500Z] [worker-us-central1-helloWorld-0ebb8a31-9997-4db4-ba48-2f3b3f3754ee]: FINISHED {"metadata":{"emulator":{"name":"functions"},"message":"[worker-us-central1-helloWorld-0ebb8a31-9997-4db4-ba48-2f3b3f3754ee]: FINISHED"}}
[debug] [2021-07-12T19:59:57.023Z] [runtime-status] [73054] Functions runtime initialized. {"cwd":"/Users/ruona/Desktop/MealsToGo/Meals2Go/functions","node_version":"14.15.1"} {"metadata":{"emulator":{"name":"functions"},"message":"[runtime-status] [73054] Functions runtime initialized. {\"cwd\":\"/Users/ruona/Desktop/MealsToGo/Meals2Go/functions\",\"node_version\":\"14.15.1\"}"}}
[debug] [2021-07-12T19:59:57.026Z] [runtime-status] [73054] Disabled runtime features: undefined {"metadata":{"emulator":{"name":"functions"},"message":"[runtime-status] [73054] Disabled runtime features: undefined"}}
[debug] [2021-07-12T19:59:57.031Z] [runtime-status] [73054] Resolved module firebase-admin {"declared":true,"installed":true,"version":"9.10.0","resolution":"/Users/ruona/Desktop/MealsToGo/Meals2Go/functions/node_modules/firebase-admin/lib/index.js"} {"metadata":{"emulator":{"name":"functions"},"message":"[runtime-status] [73054] Resolved module firebase-admin {\"declared\":true,\"installed\":true,\"version\":\"9.10.0\",\"resolution\":\"/Users/ruona/Desktop/MealsToGo/Meals2Go/functions/node_modules/firebase-admin/lib/index.js\"}"}}
[debug] [2021-07-12T19:59:57.035Z] [runtime-status] [73054] Resolved module firebase-functions {"declared":true,"installed":true,"version":"3.14.1","resolution":"/Users/ruona/Desktop/MealsToGo/Meals2Go/functions/node_modules/firebase-functions/lib/index.js"} {"metadata":{"emulator":{"name":"functions"},"message":"[runtime-status] [73054] Resolved module firebase-functions {\"declared\":true,\"installed\":true,\"version\":\"3.14.1\",\"resolution\":\"/Users/ruona/Desktop/MealsToGo/Meals2Go/functions/node_modules/firebase-functions/lib/index.js\"}"}}
[debug] [2021-07-12T19:59:57.039Z] [runtime-status] [73054] Resolved module firebase-functions {"declared":true,"installed":true,"version":"3.14.1","resolution":"/Users/ruona/Desktop/MealsToGo/Meals2Go/functions/node_modules/firebase-functions/lib/index.js"} {"metadata":{"emulator":{"name":"functions"},"message":"[runtime-status] [73054] Resolved module firebase-functions {\"declared\":true,\"installed\":true,\"version\":\"3.14.1\",\"resolution\":\"/Users/ruona/Desktop/MealsToGo/Meals2Go/functions/node_modules/firebase-functions/lib/index.js\"}"}}
[debug] [2021-07-12T19:59:57.042Z] [runtime-status] [73054] Outgoing network have been stubbed. [{"name":"http","status":"mocked"},{"name":"http","status":"mocked"},{"name":"https","status":"mocked"},{"name":"https","status":"mocked"},{"name":"net","status":"mocked"}] {"metadata":{"emulator":{"name":"functions"},"message":"[runtime-status] [73054] Outgoing network have been stubbed. [{\"name\":\"http\",\"status\":\"mocked\"},{\"name\":\"http\",\"status\":\"mocked\"},{\"name\":\"https\",\"status\":\"mocked\"},{\"name\":\"https\",\"status\":\"mocked\"},{\"name\":\"net\",\"status\":\"mocked\"}]"}}
[debug] [2021-07-12T19:59:57.043Z] [runtime-status] [73054] Resolved module firebase-functions {"declared":true,"installed":true,"version":"3.14.1","resolution":"/Users/ruona/Desktop/MealsToGo/Meals2Go/functions/node_modules/firebase-functions/lib/index.js"} {"metadata":{"emulator":{"name":"functions"},"message":"[runtime-status] [73054] Resolved module firebase-functions {\"declared\":true,\"installed\":true,\"version\":\"3.14.1\",\"resolution\":\"/Users/ruona/Desktop/MealsToGo/Meals2Go/functions/node_modules/firebase-functions/lib/index.js\"}"}}
[debug] [2021-07-12T19:59:57.122Z] [runtime-status] [73054] Checked functions.config() {"config":{}} {"metadata":{"emulator":{"name":"functions"},"message":"[runtime-status] [73054] Checked functions.config() {\"config\":{}}"}}
[debug] [2021-07-12T19:59:57.122Z] [runtime-status] [73054] firebase-functions has been stubbed. {"functionsResolution":{"declared":true,"installed":true,"version":"3.14.1","resolution":"/Users/ruona/Desktop/MealsToGo/Meals2Go/functions/node_modules/firebase-functions/lib/index.js"}} {"metadata":{"emulator":{"name":"functions"},"message":"[runtime-status] [73054] firebase-functions has been stubbed. {\"functionsResolution\":{\"declared\":true,\"installed\":true,\"version\":\"3.14.1\",\"resolution\":\"/Users/ruona/Desktop/MealsToGo/Meals2Go/functions/node_modules/firebase-functions/lib/index.js\"}}"}}
[debug] [2021-07-12T19:59:57.123Z] [runtime-status] [73054] Resolved module firebase-functions {"declared":true,"installed":true,"version":"3.14.1","resolution":"/Users/ruona/Desktop/MealsToGo/Meals2Go/functions/node_modules/firebase-functions/lib/index.js"} {"metadata":{"emulator":{"name":"functions"},"message":"[runtime-status] [73054] Resolved module firebase-functions {\"declared\":true,\"installed\":true,\"version\":\"3.14.1\",\"resolution\":\"/Users/ruona/Desktop/MealsToGo/Meals2Go/functions/node_modules/firebase-functions/lib/index.js\"}"}}
[debug] [2021-07-12T19:59:57.124Z] [runtime-status] [73054] Resolved module firebase-admin {"declared":true,"installed":true,"version":"9.10.0","resolution":"/Users/ruona/Desktop/MealsToGo/Meals2Go/functions/node_modules/firebase-admin/lib/index.js"} {"metadata":{"emulator":{"name":"functions"},"message":"[runtime-status] [73054] Resolved module firebase-admin {\"declared\":true,\"installed\":true,\"version\":\"9.10.0\",\"resolution\":\"/Users/ruona/Desktop/MealsToGo/Meals2Go/functions/node_modules/firebase-admin/lib/index.js\"}"}}
[debug] [2021-07-12T19:59:57.125Z] [runtime-status] [73054] Resolved module firebase-functions {"declared":true,"installed":true,"version":"3.14.1","resolution":"/Users/ruona/Desktop/MealsToGo/Meals2Go/functions/node_modules/firebase-functions/lib/index.js"} {"metadata":{"emulator":{"name":"functions"},"message":"[runtime-status] [73054] Resolved module firebase-functions {\"declared\":true,\"installed\":true,\"version\":\"3.14.1\",\"resolution\":\"/Users/ruona/Desktop/MealsToGo/Meals2Go/functions/node_modules/firebase-functions/lib/index.js\"}"}}
[debug] [2021-07-12T19:59:57.125Z] [runtime-status] [73054] firebase-admin has been stubbed. {"adminResolution":{"declared":true,"installed":true,"version":"9.10.0","resolution":"/Users/ruona/Desktop/MealsToGo/Meals2Go/functions/node_modules/firebase-admin/lib/index.js"}} {"metadata":{"emulator":{"name":"functions"},"message":"[runtime-status] [73054] firebase-admin has been stubbed. {\"adminResolution\":{\"declared\":true,\"installed\":true,\"version\":\"9.10.0\",\"resolution\":\"/Users/ruona/Desktop/MealsToGo/Meals2Go/functions/node_modules/firebase-admin/lib/index.js\"}}"}}
[debug] [2021-07-12T19:59:57.129Z] [worker-~diagnostic~-af80b96c-07dc-4f40-9771-ec5afc87297d]: IDLE {"metadata":{"emulator":{"name":"functions"},"message":"[worker-~diagnostic~-af80b96c-07dc-4f40-9771-ec5afc87297d]: IDLE"}}
[debug] [2021-07-12T19:59:57.580Z] [work-queue] {"queueLength":1,"workRunningCount":0}
[debug] [2021-07-12T19:59:57.580Z] [work-queue] {"queueLength":0,"workRunningCount":1}
[debug] [2021-07-12T19:59:57.581Z] Accepted request GET /mealstogo-f0841/us-central1/helloWorld --> us-central1-helloWorld
[debug] [2021-07-12T19:59:57.581Z] [worker-pool] Cleaned up workers for ~diagnostic~: 2 --> 1 {"metadata":{"emulator":{"name":"functions"},"message":"[worker-pool] Cleaned up workers for ~diagnostic~: 2 --> 1"}}
[debug] [2021-07-12T19:59:57.581Z] [worker-pool] Cleaned up workers for us-central1-helloWorld: 1 --> 0 {"metadata":{"emulator":{"name":"functions"},"message":"[worker-pool] Cleaned up workers for us-central1-helloWorld: 1 --> 0"}}
[debug] [2021-07-12T19:59:57.589Z] [worker-pool] addWorker(us-central1-helloWorld) {"metadata":{"emulator":{"name":"functions"},"message":"[worker-pool] addWorker(us-central1-helloWorld)"}}
[debug] [2021-07-12T19:59:57.589Z] [worker-pool] Adding worker with key us-central1-helloWorld, total=1 {"metadata":{"emulator":{"name":"functions"},"message":"[worker-pool] Adding worker with key us-central1-helloWorld, total=1"}}
[debug] [2021-07-12T19:59:57.589Z] [worker-pool] submitWork(triggerId=us-central1-helloWorld) {"metadata":{"emulator":{"name":"functions"},"message":"[worker-pool] submitWork(triggerId=us-central1-helloWorld)"}}
[debug] [2021-07-12T19:59:57.598Z] [worker-us-central1-helloWorld-7ebaec32-a7d6-440d-84ec-64abd08af8c3]: Assigning socketPath: /var/folders/jv/g5yhy29s6057xq5b03z5wzyh0000gn/T/fire_emu_73062.sock {"metadata":{"emulator":{"name":"functions"},"message":"[worker-us-central1-helloWorld-7ebaec32-a7d6-440d-84ec-64abd08af8c3]: Assigning socketPath: /var/folders/jv/g5yhy29s6057xq5b03z5wzyh0000gn/T/fire_emu_73062.sock"}}
[debug] [2021-07-12T19:59:57.598Z] [worker-us-central1-helloWorld-7ebaec32-a7d6-440d-84ec-64abd08af8c3]: BUSY {"metadata":{"emulator":{"name":"functions"},"message":"[worker-us-central1-helloWorld-7ebaec32-a7d6-440d-84ec-64abd08af8c3]: BUSY"}}
[debug] [2021-07-12T19:59:57.978Z] [runtime-status] [73062] Functions runtime initialized. {"cwd":"/Users/ruona/Desktop/MealsToGo/Meals2Go/functions","node_version":"14.15.1"} {"metadata":{"emulator":{"name":"functions"},"function":{"name":"us-central1-helloWorld"},"message":"[runtime-status] [73062] Functions runtime initialized. {\"cwd\":\"/Users/ruona/Desktop/MealsToGo/Meals2Go/functions\",\"node_version\":\"14.15.1\"}"}}
[debug] [2021-07-12T19:59:57.981Z] [runtime-status] [73062] Disabled runtime features: undefined {"metadata":{"emulator":{"name":"functions"},"function":{"name":"us-central1-helloWorld"},"message":"[runtime-status] [73062] Disabled runtime features: undefined"}}
[debug] [2021-07-12T19:59:57.986Z] [runtime-status] [73062] Resolved module firebase-admin {"declared":true,"installed":true,"version":"9.10.0","resolution":"/Users/ruona/Desktop/MealsToGo/Meals2Go/functions/node_modules/firebase-admin/lib/index.js"} {"metadata":{"emulator":{"name":"functions"},"function":{"name":"us-central1-helloWorld"},"message":"[runtime-status] [73062] Resolved module firebase-admin {\"declared\":true,\"installed\":true,\"version\":\"9.10.0\",\"resolution\":\"/Users/ruona/Desktop/MealsToGo/Meals2Go/functions/node_modules/firebase-admin/lib/index.js\"}"}}
[debug] [2021-07-12T19:59:57.989Z] [runtime-status] [73062] Resolved module firebase-functions {"declared":true,"installed":true,"version":"3.14.1","resolution":"/Users/ruona/Desktop/MealsToGo/Meals2Go/functions/node_modules/firebase-functions/lib/index.js"} {"metadata":{"emulator":{"name":"functions"},"function":{"name":"us-central1-helloWorld"},"message":"[runtime-status] [73062] Resolved module firebase-functions {\"declared\":true,\"installed\":true,\"version\":\"3.14.1\",\"resolution\":\"/Users/ruona/Desktop/MealsToGo/Meals2Go/functions/node_modules/firebase-functions/lib/index.js\"}"}}
[debug] [2021-07-12T19:59:57.994Z] [runtime-status] [73062] Resolved module firebase-functions {"declared":true,"installed":true,"version":"3.14.1","resolution":"/Users/ruona/Desktop/MealsToGo/Meals2Go/functions/node_modules/firebase-functions/lib/index.js"} {"metadata":{"emulator":{"name":"functions"},"function":{"name":"us-central1-helloWorld"},"message":"[runtime-status] [73062] Resolved module firebase-functions {\"declared\":true,\"installed\":true,\"version\":\"3.14.1\",\"resolution\":\"/Users/ruona/Desktop/MealsToGo/Meals2Go/functions/node_modules/firebase-functions/lib/index.js\"}"}}
[debug] [2021-07-12T19:59:57.998Z] [runtime-status] [73062] Outgoing network have been stubbed. [{"name":"http","status":"mocked"},{"name":"http","status":"mocked"},{"name":"https","status":"mocked"},{"name":"https","status":"mocked"},{"name":"net","status":"mocked"}] {"metadata":{"emulator":{"name":"functions"},"function":{"name":"us-central1-helloWorld"},"message":"[runtime-status] [73062] Outgoing network have been stubbed. [{\"name\":\"http\",\"status\":\"mocked\"},{\"name\":\"http\",\"status\":\"mocked\"},{\"name\":\"https\",\"status\":\"mocked\"},{\"name\":\"https\",\"status\":\"mocked\"},{\"name\":\"net\",\"status\":\"mocked\"}]"}}
[debug] [2021-07-12T19:59:58.000Z] [runtime-status] [73062] Resolved module firebase-functions {"declared":true,"installed":true,"version":"3.14.1","resolution":"/Users/ruona/Desktop/MealsToGo/Meals2Go/functions/node_modules/firebase-functions/lib/index.js"} {"metadata":{"emulator":{"name":"functions"},"function":{"name":"us-central1-helloWorld"},"message":"[runtime-status] [73062] Resolved module firebase-functions {\"declared\":true,\"installed\":true,\"version\":\"3.14.1\",\"resolution\":\"/Users/ruona/Desktop/MealsToGo/Meals2Go/functions/node_modules/firebase-functions/lib/index.js\"}"}}
[debug] [2021-07-12T19:59:58.102Z] [runtime-status] [73062] Checked functions.config() {"config":{}} {"metadata":{"emulator":{"name":"functions"},"function":{"name":"us-central1-helloWorld"},"message":"[runtime-status] [73062] Checked functions.config() {\"config\":{}}"}}
[debug] [2021-07-12T19:59:58.104Z] [runtime-status] [73062] firebase-functions has been stubbed. {"functionsResolution":{"declared":true,"installed":true,"version":"3.14.1","resolution":"/Users/ruona/Desktop/MealsToGo/Meals2Go/functions/node_modules/firebase-functions/lib/index.js"}} {"metadata":{"emulator":{"name":"functions"},"function":{"name":"us-central1-helloWorld"},"message":"[runtime-status] [73062] firebase-functions has been stubbed. {\"functionsResolution\":{\"declared\":true,\"installed\":true,\"version\":\"3.14.1\",\"resolution\":\"/Users/ruona/Desktop/MealsToGo/Meals2Go/functions/node_modules/firebase-functions/lib/index.js\"}}"}}
[debug] [2021-07-12T19:59:58.105Z] [runtime-status] [73062] Resolved module firebase-functions {"declared":true,"installed":true,"version":"3.14.1","resolution":"/Users/ruona/Desktop/MealsToGo/Meals2Go/functions/node_modules/firebase-functions/lib/index.js"} {"metadata":{"emulator":{"name":"functions"},"function":{"name":"us-central1-helloWorld"},"message":"[runtime-status] [73062] Resolved module firebase-functions {\"declared\":true,\"installed\":true,\"version\":\"3.14.1\",\"resolution\":\"/Users/ruona/Desktop/MealsToGo/Meals2Go/functions/node_modules/firebase-functions/lib/index.js\"}"}}
[debug] [2021-07-12T19:59:58.108Z] [runtime-status] [73062] Resolved module firebase-admin {"declared":true,"installed":true,"version":"9.10.0","resolution":"/Users/ruona/Desktop/MealsToGo/Meals2Go/functions/node_modules/firebase-admin/lib/index.js"} {"metadata":{"emulator":{"name":"functions"},"function":{"name":"us-central1-helloWorld"},"message":"[runtime-status] [73062] Resolved module firebase-admin {\"declared\":true,\"installed\":true,\"version\":\"9.10.0\",\"resolution\":\"/Users/ruona/Desktop/MealsToGo/Meals2Go/functions/node_modules/firebase-admin/lib/index.js\"}"}}
[debug] [2021-07-12T19:59:58.110Z] [runtime-status] [73062] Resolved module firebase-functions {"declared":true,"installed":true,"version":"3.14.1","resolution":"/Users/ruona/Desktop/MealsToGo/Meals2Go/functions/node_modules/firebase-functions/lib/index.js"} {"metadata":{"emulator":{"name":"functions"},"function":{"name":"us-central1-helloWorld"},"message":"[runtime-status] [73062] Resolved module firebase-functions {\"declared\":true,\"installed\":true,\"version\":\"3.14.1\",\"resolution\":\"/Users/ruona/Desktop/MealsToGo/Meals2Go/functions/node_modules/firebase-functions/lib/index.js\"}"}}
[debug] [2021-07-12T19:59:58.111Z] [runtime-status] [73062] firebase-admin has been stubbed. {"adminResolution":{"declared":true,"installed":true,"version":"9.10.0","resolution":"/Users/ruona/Desktop/MealsToGo/Meals2Go/functions/node_modules/firebase-admin/lib/index.js"}} {"metadata":{"emulator":{"name":"functions"},"function":{"name":"us-central1-helloWorld"},"message":"[runtime-status] [73062] firebase-admin has been stubbed. {\"adminResolution\":{\"declared\":true,\"installed\":true,\"version\":\"9.10.0\",\"resolution\":\"/Users/ruona/Desktop/MealsToGo/Meals2Go/functions/node_modules/firebase-admin/lib/index.js\"}}"}}
[debug] [2021-07-12T19:59:58.116Z] [runtime-status] [73062] Trigger "us-central1-helloWorld" has been found, beginning invocation! {"metadata":{"emulator":{"name":"functions"},"function":{"name":"us-central1-helloWorld"},"message":"[runtime-status] [73062] Trigger \"us-central1-helloWorld\" has been found, beginning invocation!"}}
[info] i  functions: Beginning execution of "us-central1-helloWorld" {"metadata":{"emulator":{"name":"functions"},"function":{"name":"us-central1-helloWorld"},"message":"Beginning execution of \"us-central1-helloWorld\""}}
[debug] [2021-07-12T19:59:58.119Z] [runtime-status] [73062] triggerDefinition {"httpsTrigger":{},"name":"helloWorld","entryPoint":"helloWorld","regions":["us-central1"],"region":"us-central1","id":"us-central1-helloWorld"} {"metadata":{"emulator":{"name":"functions"},"function":{"name":"us-central1-helloWorld"},"message":"[runtime-status] [73062] triggerDefinition {\"httpsTrigger\":{},\"name\":\"helloWorld\",\"entryPoint\":\"helloWorld\",\"regions\":[\"us-central1\"],\"region\":\"us-central1\",\"id\":\"us-central1-helloWorld\"}"}}
[debug] [2021-07-12T19:59:58.120Z] [runtime-status] [73062] Running us-central1-helloWorld in mode HTTPS {"metadata":{"emulator":{"name":"functions"},"function":{"name":"us-central1-helloWorld"},"message":"[runtime-status] [73062] Running us-central1-helloWorld in mode HTTPS"}}
[debug] [2021-07-12T19:59:58.136Z] [runtime-status] [73062] Attempting to listen to socketPath: /var/folders/jv/g5yhy29s6057xq5b03z5wzyh0000gn/T/fire_emu_73062.sock {"metadata":{"emulator":{"name":"functions"},"function":{"name":"us-central1-helloWorld"},"message":"[runtime-status] [73062] Attempting to listen to socketPath: /var/folders/jv/g5yhy29s6057xq5b03z5wzyh0000gn/T/fire_emu_73062.sock"}}
[debug] [2021-07-12T19:59:58.149Z] [functions] Runtime ready! Sending request! {"metadata":{"emulator":{"name":"functions"},"message":"[functions] Runtime ready! Sending request!"}}
[debug] [2021-07-12T19:59:58.150Z] [functions] Got req.url=/mealstogo-f0841/us-central1/helloWorld, mapping to path=/ {"metadata":{"emulator":{"name":"functions"},"message":"[functions] Got req.url=/mealstogo-f0841/us-central1/helloWorld, mapping to path=/"}}
[debug] [2021-07-12T19:59:58.166Z] [runtime-status] [73062] Ephemeral server handling GET request {"metadata":{"emulator":{"name":"functions"},"function":{"name":"us-central1-helloWorld"},"message":"[runtime-status] [73062] Ephemeral server handling GET request"}}
[info] >  {"structuredData":true,"severity":"INFO","message":"Hello logs!"} {"user":{"structuredData":true,"severity":"INFO","message":"Hello logs!"},"metadata":{"emulator":{"name":"functions"},"function":{"name":"us-central1-helloWorld"},"message":"\u001b[90m> \u001b[39m {\"structuredData\":true,\"severity\":\"INFO\",\"message\":\"Hello logs!\"}"}}
[debug] [2021-07-12T19:59:58.185Z] [runtime-status] [73062] Ephemeral server survived. {"metadata":{"emulator":{"name":"functions"},"function":{"name":"us-central1-helloWorld"},"message":"[runtime-status] [73062] Ephemeral server survived."}}
[info] i  functions: Finished "us-central1-helloWorld" in ~1s {"metadata":{"emulator":{"name":"functions"},"function":{"name":"us-central1-helloWorld"},"message":"Finished \"us-central1-helloWorld\" in ~1s"}}
[debug] [2021-07-12T19:59:58.217Z] [worker-us-central1-helloWorld-7ebaec32-a7d6-440d-84ec-64abd08af8c3]: IDLE {"metadata":{"emulator":{"name":"functions"},"message":"[worker-us-central1-helloWorld-7ebaec32-a7d6-440d-84ec-64abd08af8c3]: IDLE"}}
[debug] [2021-07-12T19:59:58.218Z] [work-queue] {"queueLength":0,"workRunningCount":0}
